{
  "RSpec": {
    "coverage": {
      "/Users/ibrahimchowdhury-makers/Documents/domain-model/spec/books_spec.rb": {
        "lines": [
          null,
          null,
          1,
          null,
          1,
          1,
          1,
          1,
          null,
          null
        ]
      },
      "/Users/ibrahimchowdhury-makers/Documents/domain-model/lib/books.rb": {
        "lines": [
          null,
          null,
          null,
          1,
          1,
          1,
          1,
          null,
          null
        ]
      },
      "/Users/ibrahimchowdhury-makers/Documents/domain-model/spec/library_spec.rb": {
        "lines": [
          null,
          null,
          1,
          1,
          1,
          1,
          null,
          null
        ]
      },
      "/Users/ibrahimchowdhury-makers/Documents/domain-model/lib/library.rb": {
        "lines": [
          null,
          null,
          null,
          1,
          1,
          0,
          null,
          null,
          1,
          null
        ]
      }
    },
    "timestamp": 1637668134
  }
}
